# Logfile created on 2013-12-29 17:05:00 +0800 by logger.rb/41954
I, [2013-12-29T17:05:00.489518 #28240]  INFO -- : 0:  rake (10.1.1) from /Users/jacky/.rvm/gems/ruby-2.0.0-p353/specifications/rake-10.1.1.gemspec
I, [2013-12-29T17:05:00.490336 #28240]  INFO -- : 0:  i18n (0.6.9) from /Users/jacky/.rvm/gems/ruby-2.0.0-p353/specifications/i18n-0.6.9.gemspec
I, [2013-12-29T17:05:00.718768 #28240]  INFO -- : 0:  minitest (4.7.5) from /Users/jacky/.rvm/gems/ruby-2.0.0-p353/specifications/minitest-4.7.5.gemspec
I, [2013-12-29T17:05:00.719208 #28240]  INFO -- : 0:  multi_json (1.8.2) from /Users/jacky/.rvm/gems/ruby-2.0.0-p353/specifications/multi_json-1.8.2.gemspec
I, [2013-12-29T17:05:00.719497 #28240]  INFO -- : 0:  atomic (1.1.14) from /Users/jacky/.rvm/gems/ruby-2.0.0-p353/specifications/atomic-1.1.14.gemspec
I, [2013-12-29T17:05:00.719765 #28240]  INFO -- : 0:  thread_safe (0.1.3) from /Users/jacky/.rvm/gems/ruby-2.0.0-p353/specifications/thread_safe-0.1.3.gemspec
I, [2013-12-29T17:05:00.720030 #28240]  INFO -- : 0:  tzinfo (0.3.38) from /Users/jacky/.rvm/gems/ruby-2.0.0-p353/specifications/tzinfo-0.3.38.gemspec
I, [2013-12-29T17:05:01.318573 #28240]  INFO -- : 0:  activesupport (4.0.0) from /Users/jacky/.rvm/gems/ruby-2.0.0-p353/specifications/activesupport-4.0.0.gemspec
I, [2013-12-29T17:05:01.319000 #28240]  INFO -- : 0:  builder (3.1.4) from /Users/jacky/.rvm/gems/ruby-2.0.0-p353/specifications/builder-3.1.4.gemspec
I, [2013-12-29T17:05:01.319271 #28240]  INFO -- : 0:  erubis (2.7.0) from /Users/jacky/.rvm/gems/ruby-2.0.0-p353/specifications/erubis-2.7.0.gemspec
I, [2013-12-29T17:05:01.319538 #28240]  INFO -- : 0:  rack (1.5.2) from /Users/jacky/.rvm/gems/ruby-2.0.0-p353/specifications/rack-1.5.2.gemspec
I, [2013-12-29T17:05:01.319805 #28240]  INFO -- : 0:  rack-test (0.6.2) from /Users/jacky/.rvm/gems/ruby-2.0.0-p353/specifications/rack-test-0.6.2.gemspec
I, [2013-12-29T17:05:01.931435 #28240]  INFO -- : 0:  actionpack (4.0.0) from /Users/jacky/.rvm/gems/ruby-2.0.0-p353/specifications/actionpack-4.0.0.gemspec
I, [2013-12-29T17:05:01.931994 #28240]  INFO -- : 0:  mime-types (1.25.1) from /Users/jacky/.rvm/gems/ruby-2.0.0-p353/specifications/mime-types-1.25.1.gemspec
I, [2013-12-29T17:05:01.932381 #28240]  INFO -- : 0:  polyglot (0.3.3) from /Users/jacky/.rvm/gems/ruby-2.0.0-p353/specifications/polyglot-0.3.3.gemspec
I, [2013-12-29T17:05:01.932760 #28240]  INFO -- : 0:  treetop (1.4.15) from /Users/jacky/.rvm/gems/ruby-2.0.0-p353/specifications/treetop-1.4.15.gemspec
I, [2013-12-29T17:05:01.933137 #28240]  INFO -- : 0:  mail (2.5.4) from /Users/jacky/.rvm/gems/ruby-2.0.0-p353/specifications/mail-2.5.4.gemspec
I, [2013-12-29T17:05:02.122609 #28240]  INFO -- : 0:  actionmailer (4.0.0) from /Users/jacky/.rvm/gems/ruby-2.0.0-p353/specifications/actionmailer-4.0.0.gemspec
I, [2013-12-29T17:05:02.184324 #28240]  INFO -- : 0:  activemodel (4.0.0) from /Users/jacky/.rvm/gems/ruby-2.0.0-p353/specifications/activemodel-4.0.0.gemspec
I, [2013-12-29T17:05:02.184683 #28240]  INFO -- : 0:  activerecord-deprecated_finders (1.0.3) from /Users/jacky/.rvm/gems/ruby-2.0.0-p353/specifications/activerecord-deprecated_finders-1.0.3.gemspec
I, [2013-12-29T17:05:02.184950 #28240]  INFO -- : 0:  arel (4.0.1) from /Users/jacky/.rvm/gems/ruby-2.0.0-p353/specifications/arel-4.0.1.gemspec
I, [2013-12-29T17:05:02.644666 #28240]  INFO -- : 0:  activerecord (4.0.0) from /Users/jacky/.rvm/gems/ruby-2.0.0-p353/specifications/activerecord-4.0.0.gemspec
I, [2013-12-29T17:05:02.645040 #28240]  INFO -- : 0:  bundler (1.5.1) from /Users/jacky/.rvm/gems/ruby-2.0.0-p353/specifications/bundler-1.5.1.gemspec
I, [2013-12-29T17:05:02.829889 #28240]  INFO -- : 0:  orm_adapter (0.5.0) from /Users/jacky/.rvm/gems/ruby-2.0.0-p353/specifications/orm_adapter-0.5.0.gemspec
I, [2013-12-29T17:05:04.212122 #28240]  INFO -- : 0:  ckeditor (4.0.7) from /Users/jacky/.rvm/gems/ruby-2.0.0-p353/specifications/ckeditor-4.0.7.gemspec
I, [2013-12-29T17:05:04.263185 #28240]  INFO -- : 0:  climate_control (0.0.3) from /Users/jacky/.rvm/gems/ruby-2.0.0-p353/specifications/climate_control-0.0.3.gemspec
I, [2013-12-29T17:05:04.462304 #28240]  INFO -- : 0:  cocaine (0.5.3) from /Users/jacky/.rvm/gems/ruby-2.0.0-p353/specifications/cocaine-0.5.3.gemspec
I, [2013-12-29T17:05:04.540303 #28240]  INFO -- : 0:  coffee-script-source (1.6.3) from /Users/jacky/.rvm/gems/ruby-2.0.0-p353/specifications/coffee-script-source-1.6.3.gemspec
I, [2013-12-29T17:05:04.610216 #28240]  INFO -- : 0:  execjs (2.0.2) from /Users/jacky/.rvm/gems/ruby-2.0.0-p353/specifications/execjs-2.0.2.gemspec
I, [2013-12-29T17:05:04.645123 #28240]  INFO -- : 0:  coffee-script (2.2.0) from /Users/jacky/.rvm/gems/ruby-2.0.0-p353/specifications/coffee-script-2.2.0.gemspec
I, [2013-12-29T17:05:04.645585 #28240]  INFO -- : 0:  thor (0.18.1) from /Users/jacky/.rvm/gems/ruby-2.0.0-p353/specifications/thor-0.18.1.gemspec
I, [2013-12-29T17:05:05.218820 #28240]  INFO -- : 0:  railties (4.0.0) from /Users/jacky/.rvm/gems/ruby-2.0.0-p353/specifications/railties-4.0.0.gemspec
I, [2013-12-29T17:05:05.273654 #28240]  INFO -- : 0:  coffee-rails (4.0.1) from /Users/jacky/.rvm/gems/ruby-2.0.0-p353/specifications/coffee-rails-4.0.1.gemspec
I, [2013-12-29T17:05:05.274300 #28240]  INFO -- : 0:  hike (1.2.3) from /Users/jacky/.rvm/gems/ruby-2.0.0-p353/specifications/hike-1.2.3.gemspec
I, [2013-12-29T17:05:05.346417 #28240]  INFO -- : 0:  htmlentities (4.3.1) from /Users/jacky/.rvm/gems/ruby-2.0.0-p353/specifications/htmlentities-4.3.1.gemspec
I, [2013-12-29T17:05:05.409257 #28240]  INFO -- : 0:  jbuilder (1.5.3) from /Users/jacky/.rvm/gems/ruby-2.0.0-p353/specifications/jbuilder-1.5.3.gemspec
I, [2013-12-29T17:05:05.624782 #28240]  INFO -- : 0:  jquery-rails (3.0.4) from /Users/jacky/.rvm/gems/ruby-2.0.0-p353/specifications/jquery-rails-3.0.4.gemspec
I, [2013-12-29T17:05:08.144721 #28240]  INFO -- : 0:  json (1.8.1) from /Users/jacky/.rvm/gems/ruby-2.0.0-p353/specifications/json-1.8.1.gemspec
I, [2013-12-29T17:05:32.527891 #28240]  INFO -- : 0:  libv8 (3.16.14.3) from /Users/jacky/.rvm/gems/ruby-2.0.0-p353/specifications/libv8-3.16.14.3-x86_64-darwin-13.gemspec
I, [2013-12-29T17:05:32.985025 #28240]  INFO -- : 0:  mini_portile (0.5.2) from /Users/jacky/.rvm/gems/ruby-2.0.0-p353/specifications/mini_portile-0.5.2.gemspec
I, [2013-12-29T17:05:35.309319 #28240]  INFO -- : 0:  mysql2 (0.3.14) from /Users/jacky/.rvm/gems/ruby-2.0.0-p353/specifications/mysql2-0.3.14.gemspec
I, [2013-12-29T17:06:58.647934 #28240]  INFO -- : 0:  nokogiri (1.6.1) from /Users/jacky/.rvm/gems/ruby-2.0.0-p353/specifications/nokogiri-1.6.1.gemspec
I, [2013-12-29T17:06:59.277727 #28240]  INFO -- : 0:  paperclip (3.5.2) from /Users/jacky/.rvm/gems/ruby-2.0.0-p353/specifications/paperclip-3.5.2.gemspec
I, [2013-12-29T17:06:59.278118 #28240]  INFO -- : 0:  tilt (1.4.1) from /Users/jacky/.rvm/gems/ruby-2.0.0-p353/specifications/tilt-1.4.1.gemspec
I, [2013-12-29T17:06:59.278407 #28240]  INFO -- : 0:  sprockets (2.10.1) from /Users/jacky/.rvm/gems/ruby-2.0.0-p353/specifications/sprockets-2.10.1.gemspec
I, [2013-12-29T17:06:59.278693 #28240]  INFO -- : 0:  sprockets-rails (2.0.1) from /Users/jacky/.rvm/gems/ruby-2.0.0-p353/specifications/sprockets-rails-2.0.1.gemspec
I, [2013-12-29T17:06:59.998361 #28240]  INFO -- : 0:  rails (4.0.0) from /Users/jacky/.rvm/gems/ruby-2.0.0-p353/specifications/rails-4.0.0.gemspec
I, [2013-12-29T17:07:00.315587 #28240]  INFO -- : 0:  rdoc (3.12.2) from /Users/jacky/.rvm/gems/ruby-2.0.0-p353/specifications/rdoc-3.12.2.gemspec
I, [2013-12-29T17:07:00.415968 #28240]  INFO -- : 0:  ref (1.0.5) from /Users/jacky/.rvm/gems/ruby-2.0.0-p353/specifications/ref-1.0.5.gemspec
I, [2013-12-29T17:07:00.503685 #28240]  INFO -- : 0:  sanitize (2.0.6) from /Users/jacky/.rvm/gems/ruby-2.0.0-p353/specifications/sanitize-2.0.6.gemspec
I, [2013-12-29T17:07:00.758632 #28240]  INFO -- : 0:  sass (3.2.13) from /Users/jacky/.rvm/gems/ruby-2.0.0-p353/specifications/sass-3.2.13.gemspec
I, [2013-12-29T17:07:00.917373 #28240]  INFO -- : 0:  sass-rails (4.0.1) from /Users/jacky/.rvm/gems/ruby-2.0.0-p353/specifications/sass-rails-4.0.1.gemspec
I, [2013-12-29T17:07:01.053031 #28240]  INFO -- : 0:  sdoc (0.3.20) from /Users/jacky/.rvm/gems/ruby-2.0.0-p353/specifications/sdoc-0.3.20.gemspec
I, [2013-12-29T17:07:10.555805 #28240]  INFO -- : 0:  therubyracer (0.12.0) from /Users/jacky/.rvm/gems/ruby-2.0.0-p353/specifications/therubyracer-0.12.0.gemspec
I, [2013-12-29T17:07:10.658604 #28240]  INFO -- : 0:  truncate_html (0.9.2) from /Users/jacky/.rvm/gems/ruby-2.0.0-p353/specifications/truncate_html-0.9.2.gemspec
I, [2013-12-29T17:07:10.894066 #28240]  INFO -- : 0:  turbolinks (2.1.0) from /Users/jacky/.rvm/gems/ruby-2.0.0-p353/specifications/turbolinks-2.1.0.gemspec
I, [2013-12-29T17:07:10.982537 #28240]  INFO -- : 0:  uglifier (2.4.0) from /Users/jacky/.rvm/gems/ruby-2.0.0-p353/specifications/uglifier-2.4.0.gemspec
I, [2013-12-29T17:07:11.107313 #28240]  INFO -- : 0:  will_paginate (3.0.5) from /Users/jacky/.rvm/gems/ruby-2.0.0-p353/specifications/will_paginate-3.0.5.gemspec
I, [2014-01-30T12:20:34.491282 #17735]  INFO -- : 0:  rake (10.1.1) from /Users/jacky/.rvm/gems/ruby-2.1.0/specifications/rake-10.1.1.gemspec
I, [2014-01-30T12:20:34.631471 #17735]  INFO -- : 0:  i18n (0.6.9) from /Users/jacky/.rvm/gems/ruby-2.1.0/specifications/i18n-0.6.9.gemspec
I, [2014-01-30T12:20:34.631846 #17735]  INFO -- : 0:  minitest (4.7.5) from /Users/jacky/.rvm/rubies/ruby-2.1.0/lib/ruby/gems/2.1.0/specifications/default/minitest-4.7.5.gemspec
I, [2014-01-30T12:20:34.732734 #17735]  INFO -- : 0:  multi_json (1.8.4) from /Users/jacky/.rvm/gems/ruby-2.1.0/specifications/multi_json-1.8.4.gemspec
I, [2014-01-30T12:20:37.538351 #17735]  INFO -- : 0:  atomic (1.1.14) from /Users/jacky/.rvm/gems/ruby-2.1.0/specifications/atomic-1.1.14.gemspec
I, [2014-01-30T12:20:37.679327 #17735]  INFO -- : 0:  thread_safe (0.1.3) from /Users/jacky/.rvm/gems/ruby-2.1.0/specifications/thread_safe-0.1.3.gemspec
I, [2014-01-30T12:20:38.410684 #17735]  INFO -- : 0:  tzinfo (0.3.38) from /Users/jacky/.rvm/gems/ruby-2.1.0/specifications/tzinfo-0.3.38.gemspec
I, [2014-01-30T12:20:38.870096 #17735]  INFO -- : 0:  activesupport (4.0.0) from /Users/jacky/.rvm/gems/ruby-2.1.0/specifications/activesupport-4.0.0.gemspec
I, [2014-01-30T12:20:38.923471 #17735]  INFO -- : 0:  builder (3.1.4) from /Users/jacky/.rvm/gems/ruby-2.1.0/specifications/builder-3.1.4.gemspec
I, [2014-01-30T12:20:39.184859 #17735]  INFO -- : 0:  erubis (2.7.0) from /Users/jacky/.rvm/gems/ruby-2.1.0/specifications/erubis-2.7.0.gemspec
I, [2014-01-30T12:20:39.360253 #17735]  INFO -- : 0:  rack (1.5.2) from /Users/jacky/.rvm/gems/ruby-2.1.0/specifications/rack-1.5.2.gemspec
I, [2014-01-30T12:20:39.433668 #17735]  INFO -- : 0:  rack-test (0.6.2) from /Users/jacky/.rvm/gems/ruby-2.1.0/specifications/rack-test-0.6.2.gemspec
I, [2014-01-30T12:20:39.890471 #17735]  INFO -- : 0:  actionpack (4.0.0) from /Users/jacky/.rvm/gems/ruby-2.1.0/specifications/actionpack-4.0.0.gemspec
I, [2014-01-30T12:20:40.029396 #17735]  INFO -- : 0:  mime-types (1.25.1) from /Users/jacky/.rvm/gems/ruby-2.1.0/specifications/mime-types-1.25.1.gemspec
I, [2014-01-30T12:20:40.129074 #17735]  INFO -- : 0:  polyglot (0.3.3) from /Users/jacky/.rvm/gems/ruby-2.1.0/specifications/polyglot-0.3.3.gemspec
I, [2014-01-30T12:20:40.339915 #17735]  INFO -- : 0:  treetop (1.4.15) from /Users/jacky/.rvm/gems/ruby-2.1.0/specifications/treetop-1.4.15.gemspec
I, [2014-01-30T12:20:40.816567 #17735]  INFO -- : 0:  mail (2.5.4) from /Users/jacky/.rvm/gems/ruby-2.1.0/specifications/mail-2.5.4.gemspec
I, [2014-01-30T12:20:40.859917 #17735]  INFO -- : 0:  actionmailer (4.0.0) from /Users/jacky/.rvm/gems/ruby-2.1.0/specifications/actionmailer-4.0.0.gemspec
I, [2014-01-30T12:20:40.954568 #17735]  INFO -- : 0:  activemodel (4.0.0) from /Users/jacky/.rvm/gems/ruby-2.1.0/specifications/activemodel-4.0.0.gemspec
I, [2014-01-30T12:20:41.024726 #17735]  INFO -- : 0:  activerecord-deprecated_finders (1.0.3) from /Users/jacky/.rvm/gems/ruby-2.1.0/specifications/activerecord-deprecated_finders-1.0.3.gemspec
I, [2014-01-30T12:20:41.171195 #17735]  INFO -- : 0:  arel (4.0.1) from /Users/jacky/.rvm/gems/ruby-2.1.0/specifications/arel-4.0.1.gemspec
I, [2014-01-30T12:20:41.440488 #17735]  INFO -- : 0:  activerecord (4.0.0) from /Users/jacky/.rvm/gems/ruby-2.1.0/specifications/activerecord-4.0.0.gemspec
I, [2014-01-30T12:20:41.469575 #17735]  INFO -- : 0:  bundler (1.5.1) from /Users/jacky/.rvm/gems/ruby-2.1.0@global/specifications/bundler-1.5.1.gemspec
I, [2014-01-30T12:20:41.538609 #17735]  INFO -- : 0:  orm_adapter (0.5.0) from /Users/jacky/.rvm/gems/ruby-2.1.0/specifications/orm_adapter-0.5.0.gemspec
I, [2014-01-30T12:20:42.367154 #17735]  INFO -- : 0:  ckeditor (4.0.8) from /Users/jacky/.rvm/gems/ruby-2.1.0/specifications/ckeditor-4.0.8.gemspec
I, [2014-01-30T12:20:42.421200 #17735]  INFO -- : 0:  climate_control (0.0.3) from /Users/jacky/.rvm/gems/ruby-2.1.0/specifications/climate_control-0.0.3.gemspec
I, [2014-01-30T12:20:42.480008 #17735]  INFO -- : 0:  cocaine (0.5.3) from /Users/jacky/.rvm/gems/ruby-2.1.0/specifications/cocaine-0.5.3.gemspec
I, [2014-01-30T12:20:42.642381 #17735]  INFO -- : 0:  coffee-script-source (1.7.0) from /Users/jacky/.rvm/gems/ruby-2.1.0/specifications/coffee-script-source-1.7.0.gemspec
I, [2014-01-30T12:20:42.710735 #17735]  INFO -- : 0:  execjs (2.0.2) from /Users/jacky/.rvm/gems/ruby-2.1.0/specifications/execjs-2.0.2.gemspec
I, [2014-01-30T12:20:42.758260 #17735]  INFO -- : 0:  coffee-script (2.2.0) from /Users/jacky/.rvm/gems/ruby-2.1.0/specifications/coffee-script-2.2.0.gemspec
I, [2014-01-30T12:20:42.931028 #17735]  INFO -- : 0:  thor (0.18.1) from /Users/jacky/.rvm/gems/ruby-2.1.0/specifications/thor-0.18.1.gemspec
I, [2014-01-30T12:20:43.160195 #17735]  INFO -- : 0:  railties (4.0.0) from /Users/jacky/.rvm/gems/ruby-2.1.0/specifications/railties-4.0.0.gemspec
I, [2014-01-30T12:20:43.216854 #17735]  INFO -- : 0:  coffee-rails (4.0.1) from /Users/jacky/.rvm/gems/ruby-2.1.0/specifications/coffee-rails-4.0.1.gemspec
I, [2014-01-30T12:20:43.308695 #17735]  INFO -- : 0:  hike (1.2.3) from /Users/jacky/.rvm/gems/ruby-2.1.0/specifications/hike-1.2.3.gemspec
I, [2014-01-30T12:20:43.391034 #17735]  INFO -- : 0:  htmlentities (4.3.1) from /Users/jacky/.rvm/gems/ruby-2.1.0/specifications/htmlentities-4.3.1.gemspec
I, [2014-01-30T12:20:43.468260 #17735]  INFO -- : 0:  jbuilder (1.5.3) from /Users/jacky/.rvm/gems/ruby-2.1.0/specifications/jbuilder-1.5.3.gemspec
I, [2014-01-30T12:20:43.663500 #17735]  INFO -- : 0:  jquery-rails (3.1.0) from /Users/jacky/.rvm/gems/ruby-2.1.0/specifications/jquery-rails-3.1.0.gemspec
I, [2014-01-30T12:20:43.663887 #17735]  INFO -- : 0:  json (1.8.1) from /Users/jacky/.rvm/rubies/ruby-2.1.0/lib/ruby/gems/2.1.0/specifications/default/json-1.8.1.gemspec
I, [2014-01-30T12:21:01.450241 #17735]  INFO -- : 0:  libv8 (3.16.14.3) from /Users/jacky/.rvm/gems/ruby-2.1.0/specifications/libv8-3.16.14.3-x86_64-darwin-13.gemspec
I, [2014-01-30T12:21:01.515225 #17735]  INFO -- : 0:  mini_portile (0.5.2) from /Users/jacky/.rvm/gems/ruby-2.1.0/specifications/mini_portile-0.5.2.gemspec
I, [2014-01-30T12:21:04.426633 #17735]  INFO -- : 0:  mysql2 (0.3.15) from /Users/jacky/.rvm/gems/ruby-2.1.0/specifications/mysql2-0.3.15.gemspec
I, [2014-01-30T12:22:40.930095 #17735]  INFO -- : 0:  nokogiri (1.6.1) from /Users/jacky/.rvm/gems/ruby-2.1.0/specifications/nokogiri-1.6.1.gemspec
I, [2014-01-30T12:22:41.640497 #17735]  INFO -- : 0:  paperclip (3.5.3) from /Users/jacky/.rvm/gems/ruby-2.1.0/specifications/paperclip-3.5.3.gemspec
I, [2014-01-30T12:22:41.722358 #17735]  INFO -- : 0:  tilt (1.4.1) from /Users/jacky/.rvm/gems/ruby-2.1.0/specifications/tilt-1.4.1.gemspec
I, [2014-01-30T12:22:41.796790 #17735]  INFO -- : 0:  sprockets (2.10.1) from /Users/jacky/.rvm/gems/ruby-2.1.0/specifications/sprockets-2.10.1.gemspec
I, [2014-01-30T12:22:41.883762 #17735]  INFO -- : 0:  sprockets-rails (2.0.1) from /Users/jacky/.rvm/gems/ruby-2.1.0/specifications/sprockets-rails-2.0.1.gemspec
I, [2014-01-30T12:22:42.602159 #17735]  INFO -- : 0:  rails (4.0.0) from /Users/jacky/.rvm/gems/ruby-2.1.0/specifications/rails-4.0.0.gemspec
I, [2014-01-30T12:22:43.243529 #17735]  INFO -- : 0:  rdoc (4.1.1) from /Users/jacky/.rvm/gems/ruby-2.1.0/specifications/rdoc-4.1.1.gemspec
I, [2014-01-30T12:22:43.346269 #17735]  INFO -- : 0:  ref (1.0.5) from /Users/jacky/.rvm/gems/ruby-2.1.0/specifications/ref-1.0.5.gemspec
I, [2014-01-30T12:22:43.402596 #17735]  INFO -- : 0:  sanitize (2.1.0) from /Users/jacky/.rvm/gems/ruby-2.1.0/specifications/sanitize-2.1.0.gemspec
I, [2014-01-30T12:22:43.759777 #17735]  INFO -- : 0:  sass (3.2.14) from /Users/jacky/.rvm/gems/ruby-2.1.0/specifications/sass-3.2.14.gemspec
I, [2014-01-30T12:22:43.996975 #17735]  INFO -- : 0:  sass-rails (4.0.1) from /Users/jacky/.rvm/gems/ruby-2.1.0/specifications/sass-rails-4.0.1.gemspec
I, [2014-01-30T12:22:44.204227 #17735]  INFO -- : 0:  sdoc (0.4.0) from /Users/jacky/.rvm/gems/ruby-2.1.0/specifications/sdoc-0.4.0.gemspec
I, [2014-01-30T12:22:55.733739 #17735]  INFO -- : 0:  therubyracer (0.12.0) from /Users/jacky/.rvm/gems/ruby-2.1.0/specifications/therubyracer-0.12.0.gemspec
I, [2014-01-30T12:22:55.833601 #17735]  INFO -- : 0:  truncate_html (0.9.2) from /Users/jacky/.rvm/gems/ruby-2.1.0/specifications/truncate_html-0.9.2.gemspec
I, [2014-01-30T12:22:55.894632 #17735]  INFO -- : 0:  turbolinks (2.2.0) from /Users/jacky/.rvm/gems/ruby-2.1.0/specifications/turbolinks-2.2.0.gemspec
I, [2014-01-30T12:22:56.036274 #17735]  INFO -- : 0:  uglifier (2.4.0) from /Users/jacky/.rvm/gems/ruby-2.1.0/specifications/uglifier-2.4.0.gemspec
I, [2014-01-30T12:22:56.138703 #17735]  INFO -- : 0:  will_paginate (3.0.5) from /Users/jacky/.rvm/gems/ruby-2.1.0/specifications/will_paginate-3.0.5.gemspec
I, [2014-01-30T12:26:40.410928 #34711]  INFO -- : 0:  rake (10.1.1) from /Users/jacky/.rvm/gems/ruby-2.1.0/specifications/rake-10.1.1.gemspec
I, [2014-01-30T12:26:40.411320 #34711]  INFO -- : 0:  i18n (0.6.9) from /Users/jacky/.rvm/gems/ruby-2.1.0/specifications/i18n-0.6.9.gemspec
I, [2014-01-30T12:26:40.980053 #34711]  INFO -- : 0:  minitest (4.7.5) from /Users/jacky/.rvm/gems/ruby-2.1.0/specifications/minitest-4.7.5.gemspec
I, [2014-01-30T12:26:40.980434 #34711]  INFO -- : 0:  multi_json (1.8.4) from /Users/jacky/.rvm/gems/ruby-2.1.0/specifications/multi_json-1.8.4.gemspec
I, [2014-01-30T12:26:40.980692 #34711]  INFO -- : 0:  atomic (1.1.14) from /Users/jacky/.rvm/gems/ruby-2.1.0/specifications/atomic-1.1.14.gemspec
I, [2014-01-30T12:26:40.980949 #34711]  INFO -- : 0:  thread_safe (0.1.3) from /Users/jacky/.rvm/gems/ruby-2.1.0/specifications/thread_safe-0.1.3.gemspec
I, [2014-01-30T12:26:40.981197 #34711]  INFO -- : 0:  tzinfo (0.3.38) from /Users/jacky/.rvm/gems/ruby-2.1.0/specifications/tzinfo-0.3.38.gemspec
I, [2014-01-30T12:26:40.981445 #34711]  INFO -- : 0:  activesupport (4.0.0) from /Users/jacky/.rvm/gems/ruby-2.1.0/specifications/activesupport-4.0.0.gemspec
I, [2014-01-30T12:26:40.981691 #34711]  INFO -- : 0:  builder (3.1.4) from /Users/jacky/.rvm/gems/ruby-2.1.0/specifications/builder-3.1.4.gemspec
I, [2014-01-30T12:26:40.981936 #34711]  INFO -- : 0:  erubis (2.7.0) from /Users/jacky/.rvm/gems/ruby-2.1.0/specifications/erubis-2.7.0.gemspec
I, [2014-01-30T12:26:40.982177 #34711]  INFO -- : 0:  rack (1.5.2) from /Users/jacky/.rvm/gems/ruby-2.1.0/specifications/rack-1.5.2.gemspec
I, [2014-01-30T12:26:40.982420 #34711]  INFO -- : 0:  rack-test (0.6.2) from /Users/jacky/.rvm/gems/ruby-2.1.0/specifications/rack-test-0.6.2.gemspec
I, [2014-01-30T12:26:40.982662 #34711]  INFO -- : 0:  actionpack (4.0.0) from /Users/jacky/.rvm/gems/ruby-2.1.0/specifications/actionpack-4.0.0.gemspec
I, [2014-01-30T12:26:40.982905 #34711]  INFO -- : 0:  mime-types (1.25.1) from /Users/jacky/.rvm/gems/ruby-2.1.0/specifications/mime-types-1.25.1.gemspec
I, [2014-01-30T12:26:40.983147 #34711]  INFO -- : 0:  polyglot (0.3.3) from /Users/jacky/.rvm/gems/ruby-2.1.0/specifications/polyglot-0.3.3.gemspec
I, [2014-01-30T12:26:40.983389 #34711]  INFO -- : 0:  treetop (1.4.15) from /Users/jacky/.rvm/gems/ruby-2.1.0/specifications/treetop-1.4.15.gemspec
I, [2014-01-30T12:26:40.983628 #34711]  INFO -- : 0:  mail (2.5.4) from /Users/jacky/.rvm/gems/ruby-2.1.0/specifications/mail-2.5.4.gemspec
I, [2014-01-30T12:26:40.983871 #34711]  INFO -- : 0:  actionmailer (4.0.0) from /Users/jacky/.rvm/gems/ruby-2.1.0/specifications/actionmailer-4.0.0.gemspec
I, [2014-01-30T12:26:40.984128 #34711]  INFO -- : 0:  activemodel (4.0.0) from /Users/jacky/.rvm/gems/ruby-2.1.0/specifications/activemodel-4.0.0.gemspec
I, [2014-01-30T12:26:40.984369 #34711]  INFO -- : 0:  activerecord-deprecated_finders (1.0.3) from /Users/jacky/.rvm/gems/ruby-2.1.0/specifications/activerecord-deprecated_finders-1.0.3.gemspec
I, [2014-01-30T12:26:40.984610 #34711]  INFO -- : 0:  arel (4.0.1) from /Users/jacky/.rvm/gems/ruby-2.1.0/specifications/arel-4.0.1.gemspec
I, [2014-01-30T12:26:40.984848 #34711]  INFO -- : 0:  activerecord (4.0.0) from /Users/jacky/.rvm/gems/ruby-2.1.0/specifications/activerecord-4.0.0.gemspec
I, [2014-01-30T12:26:40.985079 #34711]  INFO -- : 0:  bundler (1.5.1) from /Users/jacky/.rvm/gems/ruby-2.1.0@global/specifications/bundler-1.5.1.gemspec
I, [2014-01-30T12:26:40.985319 #34711]  INFO -- : 0:  orm_adapter (0.5.0) from /Users/jacky/.rvm/gems/ruby-2.1.0/specifications/orm_adapter-0.5.0.gemspec
I, [2014-01-30T12:26:40.985558 #34711]  INFO -- : 0:  ckeditor (4.0.8) from /Users/jacky/.rvm/gems/ruby-2.1.0/specifications/ckeditor-4.0.8.gemspec
I, [2014-01-30T12:26:40.985798 #34711]  INFO -- : 0:  climate_control (0.0.3) from /Users/jacky/.rvm/gems/ruby-2.1.0/specifications/climate_control-0.0.3.gemspec
I, [2014-01-30T12:26:40.986036 #34711]  INFO -- : 0:  cocaine (0.5.3) from /Users/jacky/.rvm/gems/ruby-2.1.0/specifications/cocaine-0.5.3.gemspec
I, [2014-01-30T12:26:40.986280 #34711]  INFO -- : 0:  coffee-script-source (1.7.0) from /Users/jacky/.rvm/gems/ruby-2.1.0/specifications/coffee-script-source-1.7.0.gemspec
I, [2014-01-30T12:26:40.986518 #34711]  INFO -- : 0:  execjs (2.0.2) from /Users/jacky/.rvm/gems/ruby-2.1.0/specifications/execjs-2.0.2.gemspec
I, [2014-01-30T12:26:40.986759 #34711]  INFO -- : 0:  coffee-script (2.2.0) from /Users/jacky/.rvm/gems/ruby-2.1.0/specifications/coffee-script-2.2.0.gemspec
I, [2014-01-30T12:26:40.986997 #34711]  INFO -- : 0:  thor (0.18.1) from /Users/jacky/.rvm/gems/ruby-2.1.0/specifications/thor-0.18.1.gemspec
I, [2014-01-30T12:26:40.987238 #34711]  INFO -- : 0:  railties (4.0.0) from /Users/jacky/.rvm/gems/ruby-2.1.0/specifications/railties-4.0.0.gemspec
I, [2014-01-30T12:26:40.987479 #34711]  INFO -- : 0:  coffee-rails (4.0.1) from /Users/jacky/.rvm/gems/ruby-2.1.0/specifications/coffee-rails-4.0.1.gemspec
I, [2014-01-30T12:26:40.987717 #34711]  INFO -- : 0:  hike (1.2.3) from /Users/jacky/.rvm/gems/ruby-2.1.0/specifications/hike-1.2.3.gemspec
I, [2014-01-30T12:26:40.987958 #34711]  INFO -- : 0:  htmlentities (4.3.1) from /Users/jacky/.rvm/gems/ruby-2.1.0/specifications/htmlentities-4.3.1.gemspec
I, [2014-01-30T12:26:40.988199 #34711]  INFO -- : 0:  jbuilder (1.5.3) from /Users/jacky/.rvm/gems/ruby-2.1.0/specifications/jbuilder-1.5.3.gemspec
I, [2014-01-30T12:26:40.988439 #34711]  INFO -- : 0:  jquery-rails (3.1.0) from /Users/jacky/.rvm/gems/ruby-2.1.0/specifications/jquery-rails-3.1.0.gemspec
I, [2014-01-30T12:26:42.385826 #34711]  INFO -- : 0:  json (1.8.1) from /Users/jacky/.rvm/gems/ruby-2.1.0/specifications/json-1.8.1.gemspec
I, [2014-01-30T12:26:42.386382 #34711]  INFO -- : 0:  libv8 (3.16.14.3) from /Users/jacky/.rvm/gems/ruby-2.1.0/specifications/libv8-3.16.14.3-x86_64-darwin-13.gemspec
I, [2014-01-30T12:26:42.386669 #34711]  INFO -- : 0:  mini_portile (0.5.2) from /Users/jacky/.rvm/gems/ruby-2.1.0/specifications/mini_portile-0.5.2.gemspec
I, [2014-01-30T12:26:42.386953 #34711]  INFO -- : 0:  mysql2 (0.3.15) from /Users/jacky/.rvm/gems/ruby-2.1.0/specifications/mysql2-0.3.15.gemspec
I, [2014-01-30T12:26:42.387228 #34711]  INFO -- : 0:  nokogiri (1.6.1) from /Users/jacky/.rvm/gems/ruby-2.1.0/specifications/nokogiri-1.6.1.gemspec
I, [2014-01-30T12:26:42.387508 #34711]  INFO -- : 0:  paperclip (3.5.3) from /Users/jacky/.rvm/gems/ruby-2.1.0/specifications/paperclip-3.5.3.gemspec
I, [2014-01-30T12:26:42.387781 #34711]  INFO -- : 0:  tilt (1.4.1) from /Users/jacky/.rvm/gems/ruby-2.1.0/specifications/tilt-1.4.1.gemspec
I, [2014-01-30T12:26:42.388053 #34711]  INFO -- : 0:  sprockets (2.10.1) from /Users/jacky/.rvm/gems/ruby-2.1.0/specifications/sprockets-2.10.1.gemspec
I, [2014-01-30T12:26:42.388340 #34711]  INFO -- : 0:  sprockets-rails (2.0.1) from /Users/jacky/.rvm/gems/ruby-2.1.0/specifications/sprockets-rails-2.0.1.gemspec
I, [2014-01-30T12:26:42.388605 #34711]  INFO -- : 0:  rails (4.0.0) from /Users/jacky/.rvm/gems/ruby-2.1.0/specifications/rails-4.0.0.gemspec
I, [2014-01-30T12:26:42.388875 #34711]  INFO -- : 0:  rdoc (4.1.1) from /Users/jacky/.rvm/gems/ruby-2.1.0/specifications/rdoc-4.1.1.gemspec
I, [2014-01-30T12:26:42.389147 #34711]  INFO -- : 0:  ref (1.0.5) from /Users/jacky/.rvm/gems/ruby-2.1.0/specifications/ref-1.0.5.gemspec
I, [2014-01-30T12:26:42.389410 #34711]  INFO -- : 0:  sanitize (2.1.0) from /Users/jacky/.rvm/gems/ruby-2.1.0/specifications/sanitize-2.1.0.gemspec
I, [2014-01-30T12:26:42.389674 #34711]  INFO -- : 0:  sass (3.2.14) from /Users/jacky/.rvm/gems/ruby-2.1.0/specifications/sass-3.2.14.gemspec
I, [2014-01-30T12:26:42.389939 #34711]  INFO -- : 0:  sass-rails (4.0.1) from /Users/jacky/.rvm/gems/ruby-2.1.0/specifications/sass-rails-4.0.1.gemspec
I, [2014-01-30T12:26:42.390201 #34711]  INFO -- : 0:  sdoc (0.4.0) from /Users/jacky/.rvm/gems/ruby-2.1.0/specifications/sdoc-0.4.0.gemspec
I, [2014-01-30T12:26:42.390467 #34711]  INFO -- : 0:  therubyracer (0.12.0) from /Users/jacky/.rvm/gems/ruby-2.1.0/specifications/therubyracer-0.12.0.gemspec
I, [2014-01-30T12:26:42.390738 #34711]  INFO -- : 0:  truncate_html (0.9.2) from /Users/jacky/.rvm/gems/ruby-2.1.0/specifications/truncate_html-0.9.2.gemspec
I, [2014-01-30T12:26:42.391571 #34711]  INFO -- : 0:  turbolinks (2.2.0) from /Users/jacky/.rvm/gems/ruby-2.1.0/specifications/turbolinks-2.2.0.gemspec
I, [2014-01-30T12:26:42.391839 #34711]  INFO -- : 0:  uglifier (2.4.0) from /Users/jacky/.rvm/gems/ruby-2.1.0/specifications/uglifier-2.4.0.gemspec
I, [2014-01-30T12:26:42.392109 #34711]  INFO -- : 0:  will_paginate (3.0.5) from /Users/jacky/.rvm/gems/ruby-2.1.0/specifications/will_paginate-3.0.5.gemspec
